This is XeTeX, Version 3.141592653-2.6-0.999996 (MiKTeX 24.3.31 Portable) (preloaded format=xelatex 2024.4.7)  8 APR 2024 13:21
entering extended mode
 \write18 enabled.
 %&-line parsing enabled.
**./ECUT.tex
(ECUT.tex
LaTeX2e <2023-11-01> patch level 1
L3 programming layer <2024-03-14>

(C:\Users\zc202\scoop\apps\latex\current\texmfs\install\tex/latex/base\article.
cls
Document Class: article 2023/05/17 v1.4n Standard LaTeX document class

(C:\Users\zc202\scoop\apps\latex\current\texmfs\install\tex/latex/base\size10.c
lo
File: size10.clo 2023/05/17 v1.4n Standard LaTeX file (size option)
)
\c@part=\count184
\c@section=\count185
\c@subsection=\count186
\c@subsubsection=\count187
\c@paragraph=\count188
\c@subparagraph=\count189
\c@figure=\count190
\c@table=\count191
\abovecaptionskip=\skip48
\belowcaptionskip=\skip49
\bibindent=\dimen140
)
(C:\Users\zc202\scoop\apps\latex\current\texmfs\install\tex/latex/base\inputenc
.sty
Package: inputenc 2021/02/14 v1.3d Input encoding file
\inpenc@prehook=\toks17
\inpenc@posthook=\toks18


Package inputenc Warning: inputenc package ignored with utf8 based engines.

)
(C:\Users\zc202\scoop\apps\latex\current\texmfs\install\tex/latex/pgf/frontendl
ayer\tikz.sty
(C:\Users\zc202\scoop\apps\latex\current\texmfs\install\tex/latex/pgf/basiclaye
r\pgf.sty
(C:\Users\zc202\scoop\apps\latex\current\texmfs\install\tex/latex/pgf/utilities
\pgfrcs.sty
(C:\Users\zc202\scoop\apps\latex\current\texmfs\install\tex/generic/pgf/utiliti
es\pgfutil-common.tex
\pgfutil@everybye=\toks19
\pgfutil@tempdima=\dimen141
\pgfutil@tempdimb=\dimen142
)
(C:\Users\zc202\scoop\apps\latex\current\texmfs\install\tex/generic/pgf/utiliti
es\pgfutil-latex.def
\pgfutil@abb=\box51
)
(C:\Users\zc202\scoop\apps\latex\current\texmfs\install\tex/generic/pgf/utiliti
es\pgfrcs.code.tex
(C:\Users\zc202\scoop\apps\latex\current\texmfs\install\tex/generic/pgf\pgf.rev
ision.tex)
Package: pgfrcs 2023-01-15 v3.1.10 (3.1.10)
))
Package: pgf 2023-01-15 v3.1.10 (3.1.10)

(C:\Users\zc202\scoop\apps\latex\current\texmfs\install\tex/latex/pgf/basiclaye
r\pgfcore.sty
(C:\Users\zc202\scoop\apps\latex\current\texmfs\install\tex/latex/graphics\grap
hicx.sty
Package: graphicx 2021/09/16 v1.2d Enhanced LaTeX Graphics (DPC,SPQR)

(C:\Users\zc202\scoop\apps\latex\current\texmfs\install\tex/latex/graphics\keyv
al.sty
Package: keyval 2022/05/29 v1.15 key=value parser (DPC)
\KV@toks@=\toks20
)
(C:\Users\zc202\scoop\apps\latex\current\texmfs\install\tex/latex/graphics\grap
hics.sty
Package: graphics 2022/03/10 v1.4e Standard LaTeX Graphics (DPC,SPQR)

(C:\Users\zc202\scoop\apps\latex\current\texmfs\install\tex/latex/graphics\trig
.sty
Package: trig 2021/08/11 v1.11 sin cos tan (DPC)
)
(C:\Users\zc202\scoop\apps\latex\current\texmfs\install\tex/latex/graphics-cfg\
graphics.cfg
File: graphics.cfg 2016/06/04 v1.11 sample graphics configuration
)
Package graphics Info: Driver file: xetex.def on input line 107.

(C:\Users\zc202\scoop\apps\latex\current\texmfs\install\tex/latex/graphics-def\
xetex.def
File: xetex.def 2022/09/22 v5.0n Graphics/color driver for xetex
))
\Gin@req@height=\dimen143
\Gin@req@width=\dimen144
)
(C:\Users\zc202\scoop\apps\latex\current\texmfs\install\tex/latex/pgf/systemlay
er\pgfsys.sty
(C:\Users\zc202\scoop\apps\latex\current\texmfs\install\tex/generic/pgf/systeml
ayer\pgfsys.code.tex
Package: pgfsys 2023-01-15 v3.1.10 (3.1.10)

(C:\Users\zc202\scoop\apps\latex\current\texmfs\install\tex/generic/pgf/utiliti
es\pgfkeys.code.tex
\pgfkeys@pathtoks=\toks21
\pgfkeys@temptoks=\toks22

(C:\Users\zc202\scoop\apps\latex\current\texmfs\install\tex/generic/pgf/utiliti
es\pgfkeyslibraryfiltered.code.tex
\pgfkeys@tmptoks=\toks23
))
\pgf@x=\dimen145
\pgf@y=\dimen146
\pgf@xa=\dimen147
\pgf@ya=\dimen148
\pgf@xb=\dimen149
\pgf@yb=\dimen150
\pgf@xc=\dimen151
\pgf@yc=\dimen152
\pgf@xd=\dimen153
\pgf@yd=\dimen154
\w@pgf@writea=\write3
\r@pgf@reada=\read2
\c@pgf@counta=\count192
\c@pgf@countb=\count193
\c@pgf@countc=\count194
\c@pgf@countd=\count195
\t@pgf@toka=\toks24
\t@pgf@tokb=\toks25
\t@pgf@tokc=\toks26
\pgf@sys@id@count=\count196

(C:\Users\zc202\scoop\apps\latex\current\texmfs\install\tex/generic/pgf/systeml
ayer\pgf.cfg
File: pgf.cfg 2023-01-15 v3.1.10 (3.1.10)
)
Driver file for pgf: pgfsys-xetex.def

(C:\Users\zc202\scoop\apps\latex\current\texmfs\install\tex/generic/pgf/systeml
ayer\pgfsys-xetex.def
File: pgfsys-xetex.def 2023-01-15 v3.1.10 (3.1.10)

(C:\Users\zc202\scoop\apps\latex\current\texmfs\install\tex/generic/pgf/systeml
ayer\pgfsys-dvipdfmx.def
File: pgfsys-dvipdfmx.def 2023-01-15 v3.1.10 (3.1.10)

(C:\Users\zc202\scoop\apps\latex\current\texmfs\install\tex/generic/pgf/systeml
ayer\pgfsys-common-pdf.def
File: pgfsys-common-pdf.def 2023-01-15 v3.1.10 (3.1.10)
)
\pgfsys@objnum=\count197
)))
(C:\Users\zc202\scoop\apps\latex\current\texmfs\install\tex/generic/pgf/systeml
ayer\pgfsyssoftpath.code.tex
File: pgfsyssoftpath.code.tex 2023-01-15 v3.1.10 (3.1.10)
\pgfsyssoftpath@smallbuffer@items=\count198
\pgfsyssoftpath@bigbuffer@items=\count199
)
(C:\Users\zc202\scoop\apps\latex\current\texmfs\install\tex/generic/pgf/systeml
ayer\pgfsysprotocol.code.tex
File: pgfsysprotocol.code.tex 2023-01-15 v3.1.10 (3.1.10)
))
(C:\Users\zc202\scoop\apps\latex\current\texmfs\install\tex/latex/xcolor\xcolor
.sty
Package: xcolor 2023/11/15 v3.01 LaTeX color extensions (UK)

(C:\Users\zc202\scoop\apps\latex\current\texmfs\install\tex/latex/graphics-cfg\
color.cfg
File: color.cfg 2016/01/02 v1.6 sample color configuration
)
Package xcolor Info: Driver file: xetex.def on input line 274.

(C:\Users\zc202\scoop\apps\latex\current\texmfs\install\tex/latex/graphics\math
color.ltx)
Package xcolor Info: Model `cmy' substituted by `cmy0' on input line 1350.
Package xcolor Info: Model `RGB' extended on input line 1366.
Package xcolor Info: Model `HTML' substituted by `rgb' on input line 1368.
Package xcolor Info: Model `Hsb' substituted by `hsb' on input line 1369.
Package xcolor Info: Model `tHsb' substituted by `hsb' on input line 1370.
Package xcolor Info: Model `HSB' substituted by `hsb' on input line 1371.
Package xcolor Info: Model `Gray' substituted by `gray' on input line 1372.
Package xcolor Info: Model `wave' substituted by `hsb' on input line 1373.
)
(C:\Users\zc202\scoop\apps\latex\current\texmfs\install\tex/generic/pgf/basicla
yer\pgfcore.code.tex
Package: pgfcore 2023-01-15 v3.1.10 (3.1.10)

(C:\Users\zc202\scoop\apps\latex\current\texmfs\install\tex/generic/pgf/math\pg
fmath.code.tex
(C:\Users\zc202\scoop\apps\latex\current\texmfs\install\tex/generic/pgf/math\pg
fmathutil.code.tex)
(C:\Users\zc202\scoop\apps\latex\current\texmfs\install\tex/generic/pgf/math\pg
fmathparser.code.tex
\pgfmath@dimen=\dimen155
\pgfmath@count=\count266
\pgfmath@box=\box52
\pgfmath@toks=\toks27
\pgfmath@stack@operand=\toks28
\pgfmath@stack@operation=\toks29
)
(C:\Users\zc202\scoop\apps\latex\current\texmfs\install\tex/generic/pgf/math\pg
fmathfunctions.code.tex)
(C:\Users\zc202\scoop\apps\latex\current\texmfs\install\tex/generic/pgf/math\pg
fmathfunctions.basic.code.tex)
(C:\Users\zc202\scoop\apps\latex\current\texmfs\install\tex/generic/pgf/math\pg
fmathfunctions.trigonometric.code.tex)
(C:\Users\zc202\scoop\apps\latex\current\texmfs\install\tex/generic/pgf/math\pg
fmathfunctions.random.code.tex)
(C:\Users\zc202\scoop\apps\latex\current\texmfs\install\tex/generic/pgf/math\pg
fmathfunctions.comparison.code.tex)
(C:\Users\zc202\scoop\apps\latex\current\texmfs\install\tex/generic/pgf/math\pg
fmathfunctions.base.code.tex)
(C:\Users\zc202\scoop\apps\latex\current\texmfs\install\tex/generic/pgf/math\pg
fmathfunctions.round.code.tex)
(C:\Users\zc202\scoop\apps\latex\current\texmfs\install\tex/generic/pgf/math\pg
fmathfunctions.misc.code.tex)
(C:\Users\zc202\scoop\apps\latex\current\texmfs\install\tex/generic/pgf/math\pg
fmathfunctions.integerarithmetics.code.tex)
(C:\Users\zc202\scoop\apps\latex\current\texmfs\install\tex/generic/pgf/math\pg
fmathcalc.code.tex)
(C:\Users\zc202\scoop\apps\latex\current\texmfs\install\tex/generic/pgf/math\pg
fmathfloat.code.tex
\c@pgfmathroundto@lastzeros=\count267
))
(C:\Users\zc202\scoop\apps\latex\current\texmfs\install\tex/generic/pgf/math\pg
fint.code.tex)
(C:\Users\zc202\scoop\apps\latex\current\texmfs\install\tex/generic/pgf/basicla
yer\pgfcorepoints.code.tex
File: pgfcorepoints.code.tex 2023-01-15 v3.1.10 (3.1.10)
\pgf@picminx=\dimen156
\pgf@picmaxx=\dimen157
\pgf@picminy=\dimen158
\pgf@picmaxy=\dimen159
\pgf@pathminx=\dimen160
\pgf@pathmaxx=\dimen161
\pgf@pathminy=\dimen162
\pgf@pathmaxy=\dimen163
\pgf@xx=\dimen164
\pgf@xy=\dimen165
\pgf@yx=\dimen166
\pgf@yy=\dimen167
\pgf@zx=\dimen168
\pgf@zy=\dimen169
)
(C:\Users\zc202\scoop\apps\latex\current\texmfs\install\tex/generic/pgf/basicla
yer\pgfcorepathconstruct.code.tex
File: pgfcorepathconstruct.code.tex 2023-01-15 v3.1.10 (3.1.10)
\pgf@path@lastx=\dimen170
\pgf@path@lasty=\dimen171
)
(C:\Users\zc202\scoop\apps\latex\current\texmfs\install\tex/generic/pgf/basicla
yer\pgfcorepathusage.code.tex
File: pgfcorepathusage.code.tex 2023-01-15 v3.1.10 (3.1.10)
\pgf@shorten@end@additional=\dimen172
\pgf@shorten@start@additional=\dimen173
)
(C:\Users\zc202\scoop\apps\latex\current\texmfs\install\tex/generic/pgf/basicla
yer\pgfcorescopes.code.tex
File: pgfcorescopes.code.tex 2023-01-15 v3.1.10 (3.1.10)
\pgfpic=\box53
\pgf@hbox=\box54
\pgf@layerbox@main=\box55
\pgf@picture@serial@count=\count268
)
(C:\Users\zc202\scoop\apps\latex\current\texmfs\install\tex/generic/pgf/basicla
yer\pgfcoregraphicstate.code.tex
File: pgfcoregraphicstate.code.tex 2023-01-15 v3.1.10 (3.1.10)
\pgflinewidth=\dimen174
)
(C:\Users\zc202\scoop\apps\latex\current\texmfs\install\tex/generic/pgf/basicla
yer\pgfcoretransformations.code.tex
File: pgfcoretransformations.code.tex 2023-01-15 v3.1.10 (3.1.10)
\pgf@pt@x=\dimen175
\pgf@pt@y=\dimen176
\pgf@pt@temp=\dimen177
)
(C:\Users\zc202\scoop\apps\latex\current\texmfs\install\tex/generic/pgf/basicla
yer\pgfcorequick.code.tex
File: pgfcorequick.code.tex 2023-01-15 v3.1.10 (3.1.10)
)
(C:\Users\zc202\scoop\apps\latex\current\texmfs\install\tex/generic/pgf/basicla
yer\pgfcoreobjects.code.tex
File: pgfcoreobjects.code.tex 2023-01-15 v3.1.10 (3.1.10)
)
(C:\Users\zc202\scoop\apps\latex\current\texmfs\install\tex/generic/pgf/basicla
yer\pgfcorepathprocessing.code.tex
File: pgfcorepathprocessing.code.tex 2023-01-15 v3.1.10 (3.1.10)
)
(C:\Users\zc202\scoop\apps\latex\current\texmfs\install\tex/generic/pgf/basicla
yer\pgfcorearrows.code.tex
File: pgfcorearrows.code.tex 2023-01-15 v3.1.10 (3.1.10)
\pgfarrowsep=\dimen178
)
(C:\Users\zc202\scoop\apps\latex\current\texmfs\install\tex/generic/pgf/basicla
yer\pgfcoreshade.code.tex
File: pgfcoreshade.code.tex 2023-01-15 v3.1.10 (3.1.10)
\pgf@max=\dimen179
\pgf@sys@shading@range@num=\count269
\pgf@shadingcount=\count270
)
(C:\Users\zc202\scoop\apps\latex\current\texmfs\install\tex/generic/pgf/basicla
yer\pgfcoreimage.code.tex
File: pgfcoreimage.code.tex 2023-01-15 v3.1.10 (3.1.10)
)
(C:\Users\zc202\scoop\apps\latex\current\texmfs\install\tex/generic/pgf/basicla
yer\pgfcoreexternal.code.tex
File: pgfcoreexternal.code.tex 2023-01-15 v3.1.10 (3.1.10)
\pgfexternal@startupbox=\box56
)
(C:\Users\zc202\scoop\apps\latex\current\texmfs\install\tex/generic/pgf/basicla
yer\pgfcorelayers.code.tex
File: pgfcorelayers.code.tex 2023-01-15 v3.1.10 (3.1.10)
)
(C:\Users\zc202\scoop\apps\latex\current\texmfs\install\tex/generic/pgf/basicla
yer\pgfcoretransparency.code.tex
File: pgfcoretransparency.code.tex 2023-01-15 v3.1.10 (3.1.10)
)
(C:\Users\zc202\scoop\apps\latex\current\texmfs\install\tex/generic/pgf/basicla
yer\pgfcorepatterns.code.tex
File: pgfcorepatterns.code.tex 2023-01-15 v3.1.10 (3.1.10)
)
(C:\Users\zc202\scoop\apps\latex\current\texmfs\install\tex/generic/pgf/basicla
yer\pgfcorerdf.code.tex
File: pgfcorerdf.code.tex 2023-01-15 v3.1.10 (3.1.10)
)))
(C:\Users\zc202\scoop\apps\latex\current\texmfs\install\tex/generic/pgf/modules
\pgfmoduleshapes.code.tex
File: pgfmoduleshapes.code.tex 2023-01-15 v3.1.10 (3.1.10)
\pgfnodeparttextbox=\box57
)
(C:\Users\zc202\scoop\apps\latex\current\texmfs\install\tex/generic/pgf/modules
\pgfmoduleplot.code.tex
File: pgfmoduleplot.code.tex 2023-01-15 v3.1.10 (3.1.10)
)
(C:\Users\zc202\scoop\apps\latex\current\texmfs\install\tex/latex/pgf/compatibi
lity\pgfcomp-version-0-65.sty
Package: pgfcomp-version-0-65 2023-01-15 v3.1.10 (3.1.10)
\pgf@nodesepstart=\dimen180
\pgf@nodesepend=\dimen181
)
(C:\Users\zc202\scoop\apps\latex\current\texmfs\install\tex/latex/pgf/compatibi
lity\pgfcomp-version-1-18.sty
Package: pgfcomp-version-1-18 2023-01-15 v3.1.10 (3.1.10)
))
(C:\Users\zc202\scoop\apps\latex\current\texmfs\install\tex/latex/pgf/utilities
\pgffor.sty
(C:\Users\zc202\scoop\apps\latex\current\texmfs\install\tex/latex/pgf/utilities
\pgfkeys.sty
(C:\Users\zc202\scoop\apps\latex\current\texmfs\install\tex/generic/pgf/utiliti
es\pgfkeys.code.tex))
(C:\Users\zc202\scoop\apps\latex\current\texmfs\install\tex/latex/pgf/math\pgfm
ath.sty
(C:\Users\zc202\scoop\apps\latex\current\texmfs\install\tex/generic/pgf/math\pg
fmath.code.tex))
(C:\Users\zc202\scoop\apps\latex\current\texmfs\install\tex/generic/pgf/utiliti
es\pgffor.code.tex
Package: pgffor 2023-01-15 v3.1.10 (3.1.10)
\pgffor@iter=\dimen182
\pgffor@skip=\dimen183
\pgffor@stack=\toks30
\pgffor@toks=\toks31
))
(C:\Users\zc202\scoop\apps\latex\current\texmfs\install\tex/generic/pgf/fronten
dlayer/tikz\tikz.code.tex
Package: tikz 2023-01-15 v3.1.10 (3.1.10)

(C:\Users\zc202\scoop\apps\latex\current\texmfs\install\tex/generic/pgf/librari
es\pgflibraryplothandlers.code.tex
File: pgflibraryplothandlers.code.tex 2023-01-15 v3.1.10 (3.1.10)
\pgf@plot@mark@count=\count271
\pgfplotmarksize=\dimen184
)
\tikz@lastx=\dimen185
\tikz@lasty=\dimen186
\tikz@lastxsaved=\dimen187
\tikz@lastysaved=\dimen188
\tikz@lastmovetox=\dimen189
\tikz@lastmovetoy=\dimen190
\tikzleveldistance=\dimen191
\tikzsiblingdistance=\dimen192
\tikz@figbox=\box58
\tikz@figbox@bg=\box59
\tikz@tempbox=\box60
\tikz@tempbox@bg=\box61
\tikztreelevel=\count272
\tikznumberofchildren=\count273
\tikznumberofcurrentchild=\count274
\tikz@fig@count=\count275

(C:\Users\zc202\scoop\apps\latex\current\texmfs\install\tex/generic/pgf/modules
\pgfmodulematrix.code.tex
File: pgfmodulematrix.code.tex 2023-01-15 v3.1.10 (3.1.10)
\pgfmatrixcurrentrow=\count276
\pgfmatrixcurrentcolumn=\count277
\pgf@matrix@numberofcolumns=\count278
)
\tikz@expandcount=\count279

(C:\Users\zc202\scoop\apps\latex\current\texmfs\install\tex/generic/pgf/fronten
dlayer/tikz/libraries\tikzlibrarytopaths.code.tex
File: tikzlibrarytopaths.code.tex 2023-01-15 v3.1.10 (3.1.10)
)))
(C:\Users\zc202\scoop\apps\latex\current\texmfs\install\tex/latex/preview\previ
ew.sty
Package: preview 2024/01/17 13.3 (AUCTeX/preview-latex)

(C:\Users\zc202\scoop\apps\latex\current\texmfs\install\tex/latex/luatex85\luat
ex85.sty
Package: luatex85 2016/06/15 v1.4 pdftex aliases for luatex
)
(C:\Users\zc202\scoop\apps\latex\current\texmfs\install\tex/latex/preview\prtig
htpage.def
\PreviewBorder=\dimen193
)
\pr@snippet=\count280
\pr@box=\box62
\pr@output=\toks32
)
(C:\Users\zc202\scoop\apps\latex\current\texmfs\install\tex/latex/l3backend\l3b
ackend-xetex.def
File: l3backend-xetex.def 2024-03-14 L3 backend support: XeTeX
\g__graphics_track_int=\count281
\l__pdf_internal_box=\box63
\g__pdf_backend_object_int=\count282
\g__pdf_backend_annotation_int=\count283
\g__pdf_backend_link_int=\count284
) (ECUT.aux)
\openout1 = `ECUT.aux'.

LaTeX Font Info:    Checking defaults for OML/cmm/m/it on input line 9.
LaTeX Font Info:    ... okay on input line 9.
LaTeX Font Info:    Checking defaults for OMS/cmsy/m/n on input line 9.
LaTeX Font Info:    ... okay on input line 9.
LaTeX Font Info:    Checking defaults for OT1/cmr/m/n on input line 9.
LaTeX Font Info:    ... okay on input line 9.
LaTeX Font Info:    Checking defaults for T1/cmr/m/n on input line 9.
LaTeX Font Info:    ... okay on input line 9.
LaTeX Font Info:    Checking defaults for TS1/cmr/m/n on input line 9.
LaTeX Font Info:    Trying to load font information for TS1+cmr on input line 9
.

(C:\Users\zc202\scoop\apps\latex\current\texmfs\install\tex/latex/base\ts1cmr.f
d
File: ts1cmr.fd 2023/04/13 v2.5m Standard LaTeX font definitions
)
LaTeX Font Info:    ... okay on input line 9.
LaTeX Font Info:    Checking defaults for TU/lmr/m/n on input line 9.
LaTeX Font Info:    ... okay on input line 9.
LaTeX Font Info:    Checking defaults for OMX/cmex/m/n on input line 9.
LaTeX Font Info:    ... okay on input line 9.
LaTeX Font Info:    Checking defaults for U/cmr/m/n on input line 9.
LaTeX Font Info:    ... okay on input line 9.

Preview: Fontsize 10pt
Preview: PDFoutput 1

Overfull \hbox (229.92769pt too wide) in paragraph at lines 3639--3639
[][] 
 []

Preview: Tightpage -32891 -32891 32891 32891
[1] (ECUT.aux)
 ***********
LaTeX2e <2023-11-01> patch level 1
L3 programming layer <2024-03-14>
 ***********
 ) 
Here is how much of TeX's memory you used:
 11603 strings out of 409555
 243160 string characters out of 5769968
 1946148 words of memory out of 5000000
 33596 multiletter control sequences out of 15000+600000
 558077 words of font info for 37 fonts, out of 8000000 for 9000
 1348 hyphenation exceptions out of 8191
 102i,4n,107p,396b,1004s stack positions out of 10000i,1000n,20000p,200000b,200000s

Output written on ECUT.pdf (1 page).
